# JRE version: Java(TM) SE Runtime Environment 18.9 (11.0.14+8) (build 11.0.14+8-LTS-263)
# Java VM: Java HotSpot(TM) 64-Bit Server VM 18.9 (11.0.14+8-LTS-263, mixed mode, tiered, compressed oops, g1 gc, windows-amd64)
Heap:
 garbage-first heap   total 262144K, used 145845K [0x00000000e0000000, 0x0000000100000000)
  region size 1024K, 124 young (126976K), 15 survivors (15360K)
 Metaspace       used 64062K, capacity 66055K, committed 66304K, reserved 311296K
  class space    used 8474K, capacity 9205K, committed 9216K, reserved 253952K
GC Heap History (10 events):
Event: 25.818 GC heap before
{Heap before GC invocations=6 (full 0):
 garbage-first heap   total 262144K, used 65021K [0x00000000e0000000, 0x0000000100000000)
  region size 1024K, 53 young (54272K), 7 survivors (7168K)
 Metaspace       used 25169K, capacity 25737K, committed 25856K, reserved 276480K
  class space    used 3281K, capacity 3512K, committed 3584K, reserved 253952K
}
Event: 25.853 GC heap after
{Heap after GC invocations=7 (full 0):
 garbage-first heap   total 262144K, used 19603K [0x00000000e0000000, 0x0000000100000000)
  region size 1024K, 4 young (4096K), 4 survivors (4096K)
 Metaspace       used 25169K, capacity 25737K, committed 25856K, reserved 276480K
  class space    used 3281K, capacity 3512K, committed 3584K, reserved 253952K
}
Event: 32.953 GC heap before
{Heap before GC invocations=7 (full 0):
 garbage-first heap   total 262144K, used 94355K [0x00000000e0000000, 0x0000000100000000)
  region size 1024K, 77 young (78848K), 4 survivors (4096K)
 Metaspace       used 33070K, capacity 33822K, committed 34048K, reserved 284672K
  class space    used 4513K, capacity 4838K, committed 4864K, reserved 253952K
}
Event: 32.987 GC heap after
{Heap after GC invocations=8 (full 0):
 garbage-first heap   total 262144K, used 22093K [0x00000000e0000000, 0x0000000100000000)
  region size 1024K, 6 young (6144K), 6 survivors (6144K)
 Metaspace       used 33070K, capacity 33822K, committed 34048K, reserved 284672K
  class space    used 4513K, capacity 4838K, committed 4864K, reserved 253952K
}
Event: 34.083 GC heap before
{Heap before GC invocations=8 (full 0):
 garbage-first heap   total 262144K, used 28237K [0x00000000e0000000, 0x0000000100000000)
  region size 1024K, 13 young (13312K), 6 survivors (6144K)
 Metaspace       used 34800K, capacity 35702K, committed 35840K, reserved 284672K
  class space    used 4626K, capacity 4994K, committed 5120K, reserved 253952K
}
Event: 34.115 GC heap after
{Heap after GC invocations=9 (full 0):
 garbage-first heap   total 262144K, used 23211K [0x00000000e0000000, 0x0000000100000000)
  region size 1024K, 7 young (7168K), 7 survivors (7168K)
 Metaspace       used 34800K, capacity 35702K, committed 35840K, reserved 284672K
  class space    used 4626K, capacity 4994K, committed 5120K, reserved 253952K
}
Event: 46.845 GC heap before
{Heap before GC invocations=10 (full 0):
 garbage-first heap   total 262144K, used 175787K [0x00000000e0000000, 0x0000000100000000)
  region size 1024K, 153 young (156672K), 7 survivors (7168K)
 Metaspace       used 48219K, capacity 49359K, committed 49536K, reserved 296960K
  class space    used 6288K, capacity 6774K, committed 6784K, reserved 253952K
}
Event: 46.929 GC heap after
{Heap after GC invocations=11 (full 0):
 garbage-first heap   total 262144K, used 32010K [0x00000000e0000000, 0x0000000100000000)
  region size 1024K, 16 young (16384K), 16 survivors (16384K)
 Metaspace       used 48219K, capacity 49359K, committed 49536K, reserved 296960K
  class space    used 6288K, capacity 6774K, committed 6784K, reserved 253952K
}
Event: 58.092 GC heap before
{Heap before GC invocations=11 (full 0):
 garbage-first heap   total 262144K, used 107786K [0x00000000e0000000, 0x0000000100000000)
  region size 1024K, 91 young (93184K), 16 survivors (16384K)
 Metaspace       used 58525K, capacity 60067K, committed 60160K, reserved 307200K
  class space    used 7695K, capacity 8320K, committed 8320K, reserved 253952K
}
Event: 58.238 GC heap after
{Heap after GC invocations=12 (full 0):
 garbage-first heap   total 262144K, used 36277K [0x00000000e0000000, 0x0000000100000000)
  region size 1024K, 15 young (15360K), 15 survivors (15360K)
 Metaspace       used 58525K, capacity 60067K, committed 60160K, reserved 307200K
  class space    used 7695K, capacity 8320K, committed 8320K, reserved 253952K
}

