# JRE version: OpenJDK Runtime Environment JBR-17.0.5+1-653.23-jcef (17.0.5+1) (build 17.0.5+1-b653.23)
# Java VM: OpenJDK 64-Bit Server VM JBR-17.0.5+1-653.23-jcef (17.0.5+1-b653.23, mixed mode, tiered, compressed oops, compressed class ptrs, g1 gc, windows-amd64)
GC Precious Log:
 CPUs: 4 total, 4 available
 Memory: 3950M
 Large Page Support: Disabled
 NUMA Support: Disabled
 Compressed Oops: Enabled (32-bit)
 Heap Region Size: 1M
 Heap Min Capacity: 128M
 Heap Initial Capacity: 128M
 Heap Max Capacity: 750M
 Pre-touch: Disabled
 Parallel Workers: 4
 Concurrent Workers: 1
 Concurrent Refinement Workers: 4
 Periodic GC: Disabled
Heap:
 garbage-first heap   total 131072K, used 37797K [0x00000000d1200000, 0x0000000100000000)
  region size 1024K, 30 young (30720K), 2 survivors (2048K)
 Metaspace       used 25001K, committed 25280K, reserved 1073152K
  class space    used 2563K, committed 2688K, reserved 1048576K
GC Heap History (6 events):
Event: 9.067 GC heap before
{Heap before GC invocations=0 (full 0):
 garbage-first heap   total 131072K, used 15360K [0x00000000d1200000, 0x0000000100000000)
  region size 1024K, 13 young (13312K), 0 survivors (0K)
 Metaspace       used 15005K, committed 15296K, reserved 1064960K
  class space    used 1511K, committed 1664K, reserved 1048576K
}
Event: 9.112 GC heap after
{Heap after GC invocations=1 (full 0):
 garbage-first heap   total 131072K, used 6595K [0x00000000d1200000, 0x0000000100000000)
  region size 1024K, 2 young (2048K), 2 survivors (2048K)
 Metaspace       used 15005K, committed 15296K, reserved 1064960K
  class space    used 1511K, committed 1664K, reserved 1048576K
}
Event: 16.813 GC heap before
{Heap before GC invocations=1 (full 0):
 garbage-first heap   total 131072K, used 14787K [0x00000000d1200000, 0x0000000100000000)
  region size 1024K, 12 young (12288K), 2 survivors (2048K)
 Metaspace       used 21323K, committed 21504K, reserved 1073152K
  class space    used 2257K, committed 2368K, reserved 1048576K
}
Event: 16.830 GC heap after
{Heap after GC invocations=2 (full 0):
 garbage-first heap   total 131072K, used 8841K [0x00000000d1200000, 0x0000000100000000)
  region size 1024K, 2 young (2048K), 2 survivors (2048K)
 Metaspace       used 21323K, committed 21504K, reserved 1073152K
  class space    used 2257K, committed 2368K, reserved 1048576K
}
Event: 22.940 GC heap before
{Heap before GC invocations=3 (full 0):
 garbage-first heap   total 131072K, used 28297K [0x00000000d1200000, 0x0000000100000000)
  region size 1024K, 21 young (21504K), 2 survivors (2048K)
 Metaspace       used 24638K, committed 24896K, reserved 1073152K
  class space    used 2554K, committed 2688K, reserved 1048576K
}
Event: 22.959 GC heap after
{Heap after GC invocations=4 (full 0):
 garbage-first heap   total 131072K, used 10149K [0x00000000d1200000, 0x0000000100000000)
  region size 1024K, 2 young (2048K), 2 survivors (2048K)
 Metaspace       used 24638K, committed 24896K, reserved 1073152K
  class space    used 2554K, committed 2688K, reserved 1048576K
}

