# JRE version: Java(TM) SE Runtime Environment 18.9 (11.0.14+8) (build 11.0.14+8-LTS-263)
# Java VM: Java HotSpot(TM) 64-Bit Server VM 18.9 (11.0.14+8-LTS-263, mixed mode, tiered, compressed oops, g1 gc, windows-amd64)
Heap:
 garbage-first heap   total 262144K, used 54212K [0x00000000e0000000, 0x0000000100000000)
  region size 1024K, 9 young (9216K), 8 survivors (8192K)
 Metaspace       used 34782K, capacity 35873K, committed 36172K, reserved 286720K
  class space    used 4742K, capacity 5122K, committed 5248K, reserved 253952K
GC Heap History (10 events):
Event: 7.670 GC heap before
{Heap before GC invocations=2 (full 0):
 garbage-first heap   total 262144K, used 37142K [0x00000000e0000000, 0x0000000100000000)
  region size 1024K, 29 young (29696K), 2 survivors (2048K)
 Metaspace       used 10784K, capacity 11001K, committed 11264K, reserved 264192K
  class space    used 1118K, capacity 1206K, committed 1280K, reserved 253952K
}
Event: 7.710 GC heap after
{Heap after GC invocations=3 (full 0):
 garbage-first heap   total 262144K, used 12389K [0x00000000e0000000, 0x0000000100000000)
  region size 1024K, 4 young (4096K), 4 survivors (4096K)
 Metaspace       used 10784K, capacity 11001K, committed 11264K, reserved 264192K
  class space    used 1118K, capacity 1206K, committed 1280K, reserved 253952K
}
Event: 15.225 GC heap before
{Heap before GC invocations=3 (full 0):
 garbage-first heap   total 262144K, used 51301K [0x00000000e0000000, 0x0000000100000000)
  region size 1024K, 42 young (43008K), 4 survivors (4096K)
 Metaspace       used 17736K, capacity 18100K, committed 18432K, reserved 270336K
  class space    used 2081K, capacity 2226K, committed 2304K, reserved 253952K
}
Event: 15.256 GC heap after
{Heap after GC invocations=4 (full 0):
 garbage-first heap   total 262144K, used 16350K [0x00000000e0000000, 0x0000000100000000)
  region size 1024K, 6 young (6144K), 6 survivors (6144K)
 Metaspace       used 17736K, capacity 18100K, committed 18432K, reserved 270336K
  class space    used 2081K, capacity 2226K, committed 2304K, reserved 253952K
}
Event: 17.742 GC heap before
{Heap before GC invocations=4 (full 0):
 garbage-first heap   total 262144K, used 46046K [0x00000000e0000000, 0x0000000100000000)
  region size 1024K, 36 young (36864K), 6 survivors (6144K)
 Metaspace       used 20797K, capacity 21150K, committed 21248K, reserved 272384K
  class space    used 2561K, capacity 2732K, committed 2816K, reserved 253952K
}
Event: 17.780 GC heap after
{Heap after GC invocations=5 (full 0):
 garbage-first heap   total 262144K, used 17568K [0x00000000e0000000, 0x0000000100000000)
  region size 1024K, 2 young (2048K), 2 survivors (2048K)
 Metaspace       used 20797K, capacity 21150K, committed 21248K, reserved 272384K
  class space    used 2561K, capacity 2732K, committed 2816K, reserved 253952K
}
Event: 21.536 GC heap before
{Heap before GC invocations=6 (full 0):
 garbage-first heap   total 262144K, used 66720K [0x00000000e0000000, 0x0000000100000000)
  region size 1024K, 50 young (51200K), 2 survivors (2048K)
 Metaspace       used 25540K, capacity 26173K, committed 26368K, reserved 278528K
  class space    used 3338K, capacity 3565K, committed 3584K, reserved 253952K
}
Event: 21.557 GC heap after
{Heap after GC invocations=7 (full 0):
 garbage-first heap   total 262144K, used 19305K [0x00000000e0000000, 0x0000000100000000)
  region size 1024K, 3 young (3072K), 3 survivors (3072K)
 Metaspace       used 25540K, capacity 26173K, committed 26368K, reserved 278528K
  class space    used 3338K, capacity 3565K, committed 3584K, reserved 253952K
}
Event: 37.668 GC heap before
{Heap before GC invocations=7 (full 0):
 garbage-first heap   total 262144K, used 141161K [0x00000000e0000000, 0x0000000100000000)
  region size 1024K, 94 young (96256K), 3 survivors (3072K)
 Metaspace       used 34687K, capacity 35675K, committed 35840K, reserved 284672K
  class space    used 4736K, capacity 5120K, committed 5120K, reserved 253952K
}
Event: 37.852 GC heap after
{Heap after GC invocations=8 (full 0):
 garbage-first heap   total 262144K, used 54212K [0x00000000e0000000, 0x0000000100000000)
  region size 1024K, 8 young (8192K), 8 survivors (8192K)
 Metaspace       used 34687K, capacity 35675K, committed 35840K, reserved 284672K
  class space    used 4736K, capacity 5120K, committed 5120K, reserved 253952K
}

